Fetching origin
HEAD is now at f72235c 1
Fetching origin
HEAD is now at f72235c 1
Fetching origin
HEAD is now at f72235c 1
Fetching origin
HEAD is now at f72235c 1
Fetching origin
HEAD is now at f72235c 1
Fetching origin
HEAD is now at f72235c 1
Fetching origin
HEAD is now at f72235c 1
Fetching origin
HEAD is now at f72235c 1
Fetching origin
HEAD is now at f72235c 1
Fetching origin
HEAD is now at f72235c 1
Fetching origin
HEAD is now at f72235c 1
Fetching origin
HEAD is now at f72235c 1
Fetching origin
HEAD is now at f72235c 1
Fetching origin
HEAD is now at f72235c 1
Fetching origin
HEAD is now at f72235c 1
Fetching origin
HEAD is now at f72235c 1
Fetching origin
HEAD is now at f72235c 1
Fetching origin
HEAD is now at f72235c 1
Fetching origin
HEAD is now at f72235c 1
Fetching origin
HEAD is now at f72235c 1
Fetching origin
HEAD is now at f72235c 1
Fetching origin
fatal: unable to access 'https://gitee.com/diunigedaxigua/avnef.git/': Encountered end of file
error: Could not fetch origin
HEAD is now at f72235c 1
Fetching origin
HEAD is now at f72235c 1
Fetching origin
HEAD is now at f72235c 1
Fetching origin
HEAD is now at f72235c 1
Fetching origin
HEAD is now at f72235c 1
Fetching origin
HEAD is now at f72235c 1
Fetching origin
HEAD is now at f72235c 1
Fetching origin
HEAD is now at f72235c 1
Fetching origin
HEAD is now at f72235c 1
Fetching origin
HEAD is now at f72235c 1
Fetching origin
HEAD is now at f72235c 1
Fetching origin
HEAD is now at f72235c 1
Fetching origin
HEAD is now at f72235c 1
Fetching origin
HEAD is now at f72235c 1
Fetching origin
HEAD is now at f72235c 1
Fetching origin
HEAD is now at f72235c 1
Fetching origin
HEAD is now at f72235c 1
Fetching origin
HEAD is now at f72235c 1
Fetching origin
HEAD is now at f72235c 1
Fetching origin
HEAD is now at f72235c 1
Fetching origin
HEAD is now at f72235c 1
Fetching origin
HEAD is now at f72235c 1
Fetching origin
HEAD is now at f72235c 1
Fetching origin
HEAD is now at f72235c 1
Fetching origin
HEAD is now at f72235c 1
Fetching origin
HEAD is now at f72235c 1
Fetching origin
HEAD is now at f72235c 1
Fetching origin
HEAD is now at f72235c 1
Fetching origin
HEAD is now at f72235c 1
Fetching origin
HEAD is now at f72235c 1
Fetching origin
HEAD is now at f72235c 1
Fetching origin
HEAD is now at f72235c 1
Fetching origin
HEAD is now at f72235c 1
Fetching origin
HEAD is now at f72235c 1
Fetching origin
HEAD is now at f72235c 1
Fetching origin
HEAD is now at f72235c 1
Fetching origin
HEAD is now at f72235c 1
Fetching origin
HEAD is now at f72235c 1
Fetching origin
HEAD is now at f72235c 1
Fetching origin
HEAD is now at f72235c 1
Fetching origin
HEAD is now at f72235c 1
Fetching origin
HEAD is now at f72235c 1
Fetching origin
HEAD is now at f72235c 1
Fetching origin
HEAD is now at f72235c 1
Fetching origin
HEAD is now at f72235c 1
Fetching origin
HEAD is now at f72235c 1
Fetching origin
HEAD is now at f72235c 1
Fetching origin
HEAD is now at f72235c 1
Fetching origin
HEAD is now at f72235c 1
Fetching origin
HEAD is now at f72235c 1
Fetching origin
HEAD is now at f72235c 1
Fetching origin
HEAD is now at f72235c 1
Fetching origin
HEAD is now at f72235c 1
Fetching origin
HEAD is now at f72235c 1
Fetching origin
HEAD is now at f72235c 1
Fetching origin
HEAD is now at f72235c 1
Fetching origin
HEAD is now at f72235c 1
Fetching origin
HEAD is now at f72235c 1
Fetching origin
HEAD is now at f72235c 1
Fetching origin
HEAD is now at f72235c 1
Fetching origin
HEAD is now at f72235c 1
Fetching origin
HEAD is now at f72235c 1
Fetching origin
HEAD is now at f72235c 1
Fetching origin
HEAD is now at f72235c 1
Fetching origin
HEAD is now at f72235c 1
Fetching origin
HEAD is now at f72235c 1
Fetching origin
fatal: unable to access 'https://gitee.com/diunigedaxigua/avnef.git/': Operation timed out after 300018 milliseconds with 0 out of 0 bytes received
error: Could not fetch origin
HEAD is now at f72235c 1
Fetching origin
fatal: unable to access 'https://gitee.com/diunigedaxigua/avnef.git/': Empty reply from server
error: Could not fetch origin
HEAD is now at f72235c 1
Fetching origin
HEAD is now at f72235c 1
Fetching origin
HEAD is now at f72235c 1
Fetching origin
HEAD is now at f72235c 1
Fetching origin
HEAD is now at f72235c 1
Fetching origin
HEAD is now at f72235c 1
Fetching origin
HEAD is now at f72235c 1
Fetching origin
HEAD is now at f72235c 1
Fetching origin
HEAD is now at f72235c 1
Fetching origin
fatal: unable to access 'https://gitee.com/diunigedaxigua/avnef.git/': Operation timed out after 300029 milliseconds with 0 out of 0 bytes received
error: Could not fetch origin
HEAD is now at f72235c 1
Fetching origin
HEAD is now at f72235c 1
Fetching origin
HEAD is now at f72235c 1
Fetching origin
HEAD is now at f72235c 1
Fetching origin
HEAD is now at f72235c 1
Fetching origin
HEAD is now at f72235c 1
Fetching origin
HEAD is now at f72235c 1
Fetching origin
HEAD is now at f72235c 1
Fetching origin
HEAD is now at f72235c 1
Fetching origin
HEAD is now at f72235c 1
Fetching origin
HEAD is now at f72235c 1
Fetching origin
HEAD is now at f72235c 1
Fetching origin
HEAD is now at f72235c 1
Fetching origin
HEAD is now at f72235c 1
Fetching origin
HEAD is now at f72235c 1
Fetching origin
HEAD is now at f72235c 1
Fetching origin
HEAD is now at f72235c 1
Fetching origin
HEAD is now at f72235c 1
Fetching origin
HEAD is now at f72235c 1
Fetching origin
HEAD is now at f72235c 1
Fetching origin
HEAD is now at f72235c 1
Fetching origin
HEAD is now at f72235c 1
Fetching origin
HEAD is now at f72235c 1
Fetching origin
HEAD is now at f72235c 1
Fetching origin
HEAD is now at f72235c 1
Fetching origin
HEAD is now at f72235c 1
Fetching origin
HEAD is now at f72235c 1
Fetching origin
HEAD is now at f72235c 1
Fetching origin
HEAD is now at f72235c 1
Fetching origin
HEAD is now at f72235c 1
Fetching origin
HEAD is now at f72235c 1
Fetching origin
HEAD is now at f72235c 1
Fetching origin
HEAD is now at f72235c 1
Fetching origin
HEAD is now at f72235c 1
Fetching origin
HEAD is now at f72235c 1
Fetching origin
HEAD is now at f72235c 1
Fetching origin
HEAD is now at f72235c 1
Fetching origin
HEAD is now at f72235c 1
Fetching origin
HEAD is now at f72235c 1
Fetching origin
HEAD is now at f72235c 1
Fetching origin
HEAD is now at f72235c 1
Fetching origin
HEAD is now at f72235c 1
Fetching origin
HEAD is now at f72235c 1
Fetching origin
HEAD is now at f72235c 1
Fetching origin
HEAD is now at f72235c 1
Fetching origin
HEAD is now at f72235c 1
Fetching origin
HEAD is now at f72235c 1
Fetching origin
HEAD is now at f72235c 1
Fetching origin
HEAD is now at f72235c 1
Fetching origin
HEAD is now at f72235c 1
Fetching origin
fatal: unable to access 'https://gitee.com/diunigedaxigua/avnef.git/': Operation timed out after 300028 milliseconds with 0 out of 0 bytes received
error: Could not fetch origin
HEAD is now at f72235c 1
Fetching origin
HEAD is now at f72235c 1
Fetching origin
HEAD is now at f72235c 1
Fetching origin
HEAD is now at f72235c 1
Fetching origin
HEAD is now at f72235c 1
Fetching origin
HEAD is now at f72235c 1
Fetching origin
HEAD is now at f72235c 1
Fetching origin
HEAD is now at f72235c 1
Fetching origin
HEAD is now at f72235c 1
Fetching origin
HEAD is now at f72235c 1
Fetching origin
HEAD is now at f72235c 1
Fetching origin
HEAD is now at f72235c 1
Fetching origin
HEAD is now at f72235c 1
Fetching origin
HEAD is now at f72235c 1
Fetching origin
HEAD is now at f72235c 1
Fetching origin
HEAD is now at f72235c 1
Fetching origin
HEAD is now at f72235c 1
Fetching origin
HEAD is now at f72235c 1
Fetching origin
HEAD is now at f72235c 1
Fetching origin
HEAD is now at f72235c 1
Fetching origin
HEAD is now at f72235c 1
Fetching origin
HEAD is now at f72235c 1
Fetching origin
HEAD is now at f72235c 1
Fetching origin
HEAD is now at f72235c 1
Fetching origin
HEAD is now at f72235c 1
Fetching origin
HEAD is now at f72235c 1
Fetching origin
HEAD is now at f72235c 1
Fetching origin
HEAD is now at f72235c 1
Fetching origin
HEAD is now at f72235c 1
Fetching origin
HEAD is now at f72235c 1
Fetching origin
From https://gitee.com/diunigedaxigua/avnef
   f72235c..e9332d5  master     -> origin/master
HEAD is now at e9332d5 提交版本
Fetching origin
HEAD is now at e9332d5 提交版本
Fetching origin
HEAD is now at e9332d5 提交版本
Fetching origin
HEAD is now at e9332d5 提交版本
